
RAxML-NG v. 0.9.0git released on 26.11.2019 by The Exelixis Lab.
Developed by: Alexey M. Kozlov and Alexandros Stamatakis.
Contributors: Diego Darriba, Tomas Flouri, Benoit Morel, Sarah Lutteropp, Ben Bettisworth.
Latest version: https://github.com/amkozlov/raxml-ng
Questions/problems/suggestions? Please visit: https://groups.google.com/forum/#!forum/raxml

RAxML-NG was called at 09-Jul-2022 13:43:10 as follows:

raxml-ng --model GTR --msa /data/shares/veg/aglucaci/rascl-flu/results/flu-latest/HA.combined.fas --threads 8 --tree pars{3} --force

Analysis options:
  run mode: ML tree search
  start tree(s): parsimony (3)
  random seed: 1657388590
  tip-inner: OFF
  pattern compression: ON
  per-rate scalers: OFF
  site repeats: ON
  fast spr radius: AUTO
  spr subtree cutoff: 1.000000
  branch lengths: proportional (ML estimate, algorithm: NR-FAST)
  SIMD kernels: AVX2
  parallelization: PTHREADS (8 threads), thread pinning: OFF

WARNING: Running in FORCE mode: all safety checks are disabled!

[00:00:00] Reading alignment from file: /data/shares/veg/aglucaci/rascl-flu/results/flu-latest/HA.combined.fas
[00:00:00] Loaded alignment with 602 taxa and 1701 sites

Alignment comprises 1 partitions and 1084 patterns

Partition 0: noname
Model: GTR+FO
Alignment sites / patterns: 1701 / 1084
Gaps: 0.26 %
Invariant sites: 27.63 %


NOTE: Binary MSA file created: /data/shares/veg/aglucaci/rascl-flu/results/flu-latest/HA.combined.fas.raxml.rba

[00:00:00] Generating 3 parsimony starting tree(s) with 602 taxa
[00:00:02] Data distribution: max. partitions/sites/weight per thread: 1 / 136 / 544

Starting ML tree search with 3 distinct starting trees

[00:00:02 -220772.035543] Initial branch length optimization
[00:00:02 -39896.549840] Model parameter optimization (eps = 10.000000)
[00:00:03 -37365.781617] AUTODETECT spr round 1 (radius: 5)
[00:00:06 -37271.255192] AUTODETECT spr round 2 (radius: 10)
[00:00:09 -37269.664998] AUTODETECT spr round 3 (radius: 15)
[00:00:13 -37269.639111] SPR radius for FAST iterations: 10 (autodetect)
[00:00:13 -37269.639111] Model parameter optimization (eps = 3.000000)
[00:00:13 -37268.877260] FAST spr round 1 (radius: 10)
[00:00:17 -37266.170085] FAST spr round 2 (radius: 10)
[00:00:20 -37264.764370] FAST spr round 3 (radius: 10)
[00:00:22 -37264.764357] Model parameter optimization (eps = 1.000000)
[00:00:22 -37264.593156] SLOW spr round 1 (radius: 5)
[00:00:29 -37260.532685] SLOW spr round 2 (radius: 5)
[00:00:34 -37260.532562] SLOW spr round 3 (radius: 10)
[00:00:40 -37260.531929] SLOW spr round 4 (radius: 15)
[00:00:48 -37260.531929] SLOW spr round 5 (radius: 20)
[00:00:58 -37260.531929] SLOW spr round 6 (radius: 25)
[00:01:10 -37260.332626] SLOW spr round 7 (radius: 5)
[00:01:20 -37260.129384] SLOW spr round 8 (radius: 5)
[00:01:27 -37260.129384] SLOW spr round 9 (radius: 10)
[00:01:33 -37260.129384] SLOW spr round 10 (radius: 15)
[00:01:40 -37260.129384] SLOW spr round 11 (radius: 20)
[00:01:50 -37260.129384] SLOW spr round 12 (radius: 25)
[00:02:03 -37260.129384] Model parameter optimization (eps = 0.100000)

[00:02:03] ML tree search #1, logLikelihood: -37260.080009

[00:02:03 -220884.591441] Initial branch length optimization
[00:02:03 -39959.502812] Model parameter optimization (eps = 10.000000)
[00:02:05 -37408.255796] AUTODETECT spr round 1 (radius: 5)
[00:02:07 -37283.735648] AUTODETECT spr round 2 (radius: 10)
[00:02:11 -37266.874727] AUTODETECT spr round 3 (radius: 15)
[00:02:16 -37266.859313] SPR radius for FAST iterations: 10 (autodetect)
[00:02:16 -37266.859313] Model parameter optimization (eps = 3.000000)
[00:02:16 -37266.014950] FAST spr round 1 (radius: 10)
[00:02:20 -37261.495193] FAST spr round 2 (radius: 10)
[00:02:23 -37261.495190] Model parameter optimization (eps = 1.000000)
[00:02:23 -37261.286263] SLOW spr round 1 (radius: 5)
[00:02:30 -37261.280912] SLOW spr round 2 (radius: 10)
[00:02:36 -37261.280498] SLOW spr round 3 (radius: 15)
[00:02:44 -37261.280225] SLOW spr round 4 (radius: 20)
[00:02:55 -37261.280222] SLOW spr round 5 (radius: 25)
[00:03:08 -37261.280218] Model parameter optimization (eps = 0.100000)

[00:03:08] ML tree search #2, logLikelihood: -37261.216298

[00:03:08 -220763.764027] Initial branch length optimization
[00:03:08 -39958.850054] Model parameter optimization (eps = 10.000000)
[00:03:10 -37418.009650] AUTODETECT spr round 1 (radius: 5)
[00:03:13 -37278.195711] AUTODETECT spr round 2 (radius: 10)
[00:03:16 -37273.445415] AUTODETECT spr round 3 (radius: 15)
[00:03:21 -37273.419441] SPR radius for FAST iterations: 10 (autodetect)
[00:03:21 -37273.419441] Model parameter optimization (eps = 3.000000)
[00:03:21 -37272.467240] FAST spr round 1 (radius: 10)
[00:03:25 -37266.554855] FAST spr round 2 (radius: 10)
[00:03:28 -37266.554206] Model parameter optimization (eps = 1.000000)
[00:03:28 -37266.341414] SLOW spr round 1 (radius: 5)
[00:03:35 -37260.291777] SLOW spr round 2 (radius: 5)
[00:03:41 -37258.707381] SLOW spr round 3 (radius: 5)
[00:03:47 -37258.707381] SLOW spr round 4 (radius: 10)
[00:03:52 -37258.706789] SLOW spr round 5 (radius: 15)
[00:04:00 -37258.457024] SLOW spr round 6 (radius: 5)
[00:04:09 -37258.457020] SLOW spr round 7 (radius: 10)
[00:04:16 -37258.456829] SLOW spr round 8 (radius: 15)
[00:04:23 -37258.456829] SLOW spr round 9 (radius: 20)
[00:04:33 -37258.456829] SLOW spr round 10 (radius: 25)
[00:04:45 -37258.259777] SLOW spr round 11 (radius: 5)
[00:04:55 -37258.259777] SLOW spr round 12 (radius: 10)
[00:05:02 -37258.259777] SLOW spr round 13 (radius: 15)
[00:05:09 -37258.259777] SLOW spr round 14 (radius: 20)
[00:05:20 -37258.259777] SLOW spr round 15 (radius: 25)
[00:05:32 -37258.259777] Model parameter optimization (eps = 0.100000)

[00:05:32] ML tree search #3, logLikelihood: -37258.205470


Optimized model parameters:

   Partition 0: noname
   Rate heterogeneity: NONE
   Base frequencies (ML): 0.364812 0.188975 0.203785 0.242429 
   Substitution rates (ML): 1.715188 6.969684 0.681129 0.195334 7.754741 1.000000 


Final LogLikelihood: -37258.205470

AIC score: 76934.410941 / AICc score: 82893.229678 / BIC score: 83510.127596
Free parameters (model + branch lengths): 1209

Best ML tree saved to: /data/shares/veg/aglucaci/rascl-flu/results/flu-latest/HA.combined.fas.raxml.bestTree
All ML trees saved to: /data/shares/veg/aglucaci/rascl-flu/results/flu-latest/HA.combined.fas.raxml.mlTrees
Optimized model saved to: /data/shares/veg/aglucaci/rascl-flu/results/flu-latest/HA.combined.fas.raxml.bestModel

Execution log saved to: /data/shares/veg/aglucaci/rascl-flu/results/flu-latest/HA.combined.fas.raxml.log

Analysis started: 09-Jul-2022 13:43:10 / finished: 09-Jul-2022 13:48:43

Elapsed time: 332.528 seconds

